<?xml version="1.0" encoding="UTF-8"?>
<!-- Generated by org.testng.reporters.JUnitReportReporter -->
<testsuite skipped="0" hostname="E0485858" name="MVA10" tests="1" failures="0" timestamp="28 May 2020 22:11:56 GMT" time="0.000" errors="0">
  <testcase name="main" time="0.000" classname="MVA10"/>
</testsuite> <!-- MVA10 -->
