<?xml version="1.0" encoding="UTF-8"?>
<!-- Generated by org.testng.reporters.JUnitReportReporter -->
<testsuite skipped="0" hostname="E0485858" name="EIOPassed" tests="1" failures="0" timestamp="20 May 2020 13:24:25 GMT" time="0.000" errors="0">
  <testcase name="main" time="0.000" classname="EIOPassed"/>
</testsuite> <!-- EIOPassed -->
